<?xml version="1.0" encoding="UTF-8"?>
<testsuite xmlns:xsi="http://www.w3.org/2001/XMLSchema-instance" xsi:schemaLocation="https://maven.apache.org/surefire/maven-surefire-plugin/xsd/surefire-test-report.xsd" name="br.ce.adecarlos.runners.RunnerTest" time="0.4" tests="14" errors="0" skipped="0" failures="0">
  <properties>
    <property name="java.runtime.name" value="Java(TM) SE Runtime Environment"/>
    <property name="java.vm.version" value="15+36-1562"/>
    <property name="sun.boot.library.path" value="/Library/Java/JavaVirtualMachines/jdk-15.jdk/Contents/Home/lib"/>
    <property name="maven.multiModuleProjectDirectory" value="/Users/adecarlos.junior/Documents/GitHub/CursoCucumber"/>
    <property name="java.vm.vendor" value="Oracle Corporation"/>
    <property name="java.vendor.url" value="https://java.oracle.com/"/>
    <property name="guice.disable.misplaced.annotation.check" value="true"/>
    <property name="path.separator" value=":"/>
    <property name="java.vm.name" value="Java HotSpot(TM) 64-Bit Server VM"/>
    <property name="user.country" value="BR"/>
    <property name="sun.java.launcher" value="SUN_STANDARD"/>
    <property name="java.vm.specification.name" value="Java Virtual Machine Specification"/>
    <property name="user.dir" value="/Users/adecarlos.junior/Documents/GitHub/CursoCucumber"/>
    <property name="java.vm.compressedOopsMode" value="Zero based"/>
    <property name="java.runtime.version" value="15+36-1562"/>
    <property name="os.arch" value="x86_64"/>
    <property name="java.io.tmpdir" value="/var/folders/j9/8p7t000d7x12t3nv15b89r94552rz8/T/"/>
    <property name="line.separator" value="&#10;"/>
    <property name="java.vm.specification.vendor" value="Oracle Corporation"/>
    <property name="os.name" value="Mac OS X"/>
    <property name="classworlds.conf" value="/Applications/apache-maven-3.6.3/bin/m2.conf"/>
    <property name="sun.jnu.encoding" value="UTF-8"/>
    <property name="java.library.path" value="/Users/adecarlos.junior/Library/Java/Extensions:/Library/Java/Extensions:/Network/Library/Java/Extensions:/System/Library/Java/Extensions:/usr/lib/java:."/>
    <property name="maven.conf" value="/Applications/apache-maven-3.6.3/conf"/>
    <property name="jdk.debug" value="release"/>
    <property name="java.class.version" value="59.0"/>
    <property name="java.specification.name" value="Java Platform API Specification"/>
    <property name="sun.management.compiler" value="HotSpot 64-Bit Tiered Compilers"/>
    <property name="os.version" value="10.15.7"/>
    <property name="library.jansi.path" value="/Applications/apache-maven-3.6.3/lib/jansi-native"/>
    <property name="http.nonProxyHosts" value="local|*.local|169.254/16|*.169.254/16"/>
    <property name="user.home" value="/Users/adecarlos.junior"/>
    <property name="user.timezone" value="America/Sao_Paulo"/>
    <property name="file.encoding" value="UTF-8"/>
    <property name="java.specification.version" value="15"/>
    <property name="user.name" value="adecarlos.junior"/>
    <property name="java.class.path" value="/Applications/apache-maven-3.6.3/boot/plexus-classworlds-2.6.0.jar"/>
    <property name="java.vm.specification.version" value="15"/>
    <property name="sun.arch.data.model" value="64"/>
    <property name="sun.java.command" value="org.codehaus.plexus.classworlds.launcher.Launcher test"/>
    <property name="java.home" value="/Library/Java/JavaVirtualMachines/jdk-15.jdk/Contents/Home"/>
    <property name="user.language" value="en"/>
    <property name="java.specification.vendor" value="Oracle Corporation"/>
    <property name="java.vm.info" value="mixed mode, sharing"/>
    <property name="java.version" value="15"/>
    <property name="java.vendor" value="Oracle Corporation"/>
    <property name="maven.home" value="/Applications/apache-maven-3.6.3"/>
    <property name="file.separator" value="/"/>
    <property name="java.version.date" value="2020-09-15"/>
    <property name="java.vendor.url.bug" value="https://bugreport.java.com/bugreport/"/>
    <property name="sun.io.unicode.encoding" value="UnicodeBig"/>
    <property name="sun.cpu.endian" value="little"/>
    <property name="socksNonProxyHosts" value="local|*.local|169.254/16|*.169.254/16"/>
    <property name="ftp.nonProxyHosts" value="local|*.local|169.254/16|*.169.254/16"/>
  </properties>
  <testcase name="Deve alugar um filme com sucesso" classname="Alugar filme" time="0.039"/>
  <testcase name="Deve alugar um filme com sucesso" classname="Alugar filme" time="0.005"/>
  <testcase name="Não deve alugar filmes sem estoque" classname="Alugar filme" time="0.002"/>
  <testcase name="Deve dar condições conforme tipo de aluguel" classname="Alugar filme" time="0.006"/>
  <testcase name="Deve dar condições conforme tipo de aluguel" classname="Alugar filme" time="0.004"/>
  <testcase name="Deve dar condições conforme tipo de aluguel" classname="Alugar filme" time="0.004"/>
  <testcase name="Deve executar especificação" classname="Aprender Cucumber" time="0.007"/>
  <testcase name="Deve incrementar contador" classname="Aprender Cucumber" time="0.002"/>
  <testcase name="Deve incrementar contador" classname="Aprender Cucumber" time="0.002"/>
  <testcase name="Deve calcular atraso na entrega" classname="Aprender Cucumber" time="0.007"/>
  <testcase name="Deve calcular atraso na entrega da China" classname="Aprender Cucumber" time="0.002"/>
  <testcase name="Deve criar steps genéricos para estes passos" classname="Aprender Cucumber" time="0.004"/>
  <testcase name="Deve reaproveitar os steps &quot;Dado&quot; do cenário anterior" classname="Aprender Cucumber" time="0.002"/>
  <testcase name="Deve negar todos os steps &quot;Dado&quot; dos cenários anteriores     Dado que o ticket é CD123     Dado que o ticket é AG1234     Dado que o valor da passagem é R$ 1.1345,56     Dado que o nome do passageiro é &quot;Beltrano Souza Matos de Alcântara Azevedo&quot;     Dado que o telefone do passageiro é 1234-5678     Dado que o telefone do passageiro é 999-2223" classname="Deve negar todos os steps &quot;Dado&quot; dos cenários anteriores     Dado que o ticket é CD123     Dado que o ticket é AG1234     Dado que o valor da passagem é R$ 1.1345,56     Dado que o nome do passageiro é &quot;Beltrano Souza Matos de Alcântara Azevedo&quot;     Dado que o telefone do passageiro é 1234-5678     Dado que o telefone do passageiro é 999-2223(Aprender Cucumber)" time="0.001"/>
</testsuite>