<?xml version="1.0" encoding="UTF-8" ?>
<testsuite tests="34" failures="0" name="br.ce.adecarlos.runners.RunnerTest" time="0.004" errors="0" skipped="0">
  <properties>
    <property name="java.runtime.name" value="Java(TM) SE Runtime Environment"/>
    <property name="cucumber.options" value="src/test/resources/features/aprender_cucumber.feature"/>
    <property name="java.vm.version" value="15+36-1562"/>
    <property name="sun.boot.library.path" value="/Library/Java/JavaVirtualMachines/jdk-15.jdk/Contents/Home/lib"/>
    <property name="maven.multiModuleProjectDirectory" value="/Users/adecarlos.junior/eclipse-workspace/CursoCucumber"/>
    <property name="java.vm.vendor" value="Oracle Corporation"/>
    <property name="java.vendor.url" value="https://java.oracle.com/"/>
    <property name="guice.disable.misplaced.annotation.check" value="true"/>
    <property name="path.separator" value=":"/>
    <property name="java.vm.name" value="Java HotSpot(TM) 64-Bit Server VM"/>
    <property name="user.country" value="BR"/>
    <property name="sun.java.launcher" value="SUN_STANDARD"/>
    <property name="java.vm.specification.name" value="Java Virtual Machine Specification"/>
    <property name="user.dir" value="/Users/adecarlos.junior/eclipse-workspace/CursoCucumber"/>
    <property name="java.vm.compressedOopsMode" value="Zero based"/>
    <property name="java.runtime.version" value="15+36-1562"/>
    <property name="os.arch" value="x86_64"/>
    <property name="java.io.tmpdir" value="/var/folders/j9/8p7t000d7x12t3nv15b89r94552rz8/T/"/>
    <property name="line.separator" value="
"/>
    <property name="java.vm.specification.vendor" value="Oracle Corporation"/>
    <property name="os.name" value="Mac OS X"/>
    <property name="classworlds.conf" value="/Applications/apache-maven-3.6.3/bin/m2.conf"/>
    <property name="sun.jnu.encoding" value="UTF-8"/>
    <property name="java.library.path" value="/Users/adecarlos.junior/Library/Java/Extensions:/Library/Java/Extensions:/Network/Library/Java/Extensions:/System/Library/Java/Extensions:/usr/lib/java:."/>
    <property name="maven.conf" value="/Applications/apache-maven-3.6.3/conf"/>
    <property name="jdk.debug" value="release"/>
    <property name="java.class.version" value="59.0"/>
    <property name="java.specification.name" value="Java Platform API Specification"/>
    <property name="sun.management.compiler" value="HotSpot 64-Bit Tiered Compilers"/>
    <property name="os.version" value="10.15.7"/>
    <property name="library.jansi.path" value="/Applications/apache-maven-3.6.3/lib/jansi-native"/>
    <property name="http.nonProxyHosts" value="local|*.local|169.254/16|*.169.254/16"/>
    <property name="user.home" value="/Users/adecarlos.junior"/>
    <property name="user.timezone" value="America/Sao_Paulo"/>
    <property name="file.encoding" value="UTF-8"/>
    <property name="java.specification.version" value="15"/>
    <property name="user.name" value="adecarlos.junior"/>
    <property name="java.class.path" value="/Applications/apache-maven-3.6.3/boot/plexus-classworlds-2.6.0.jar"/>
    <property name="java.vm.specification.version" value="15"/>
    <property name="sun.arch.data.model" value="64"/>
    <property name="sun.java.command" value="org.codehaus.plexus.classworlds.launcher.Launcher test -Dcucumber.options=src/test/resources/features/aprender_cucumber.feature"/>
    <property name="java.home" value="/Library/Java/JavaVirtualMachines/jdk-15.jdk/Contents/Home"/>
    <property name="user.language" value="en"/>
    <property name="java.specification.vendor" value="Oracle Corporation"/>
    <property name="java.vm.info" value="mixed mode, sharing"/>
    <property name="java.version" value="15"/>
    <property name="java.vendor" value="Oracle Corporation"/>
    <property name="maven.home" value="/Applications/apache-maven-3.6.3"/>
    <property name="file.separator" value="/"/>
    <property name="java.version.date" value="2020-09-15"/>
    <property name="java.vendor.url.bug" value="https://bugreport.java.com/bugreport/"/>
    <property name="sun.io.unicode.encoding" value="UnicodeBig"/>
    <property name="sun.cpu.endian" value="little"/>
    <property name="socksNonProxyHosts" value="local|*.local|169.254/16|*.169.254/16"/>
    <property name="ftp.nonProxyHosts" value="local|*.local|169.254/16|*.169.254/16"/>
  </properties>
  <testcase classname="Cenário: Deve executar especificação" name="Dado que criei o arquivo corretamente" time="0.001"/>
  <testcase classname="Cenário: Deve executar especificação" name="Quando executá-lo" time="0"/>
  <testcase classname="Cenário: Deve executar especificação" name="Então a especificação deve finalizar com sucesso" time="0"/>
  <testcase classname="Cenário: Deve executar especificação" name="Cenário: Deve executar especificação" time="0.001"/>
  <testcase classname="Cenário: Deve incrementar contador" name="Dado que o valor do contador é 15" time="0"/>
  <testcase classname="Cenário: Deve incrementar contador" name="Quando eu incrementar em 3" time="0"/>
  <testcase classname="Cenário: Deve incrementar contador" name="Então o valor do contador será 18" time="0"/>
  <testcase classname="Cenário: Deve incrementar contador" name="Cenário: Deve incrementar contador" time="0.001"/>
  <testcase classname="Cenário: Deve incrementar contador" name="Dado que o valor do contador é 123" time="0"/>
  <testcase classname="Cenário: Deve incrementar contador" name="Quando eu incrementar em 35" time="0"/>
  <testcase classname="Cenário: Deve incrementar contador" name="Então o valor do contador será 158" time="0"/>
  <testcase classname="Cenário: Deve incrementar contador" name="Cenário: Deve incrementar contador" time="0"/>
  <testcase classname="Cenário: Deve calcular atraso na entrega" name="Dado que a entrega é dia 05/04/2018" time="0"/>
  <testcase classname="Cenário: Deve calcular atraso na entrega" name="Quando a entrega atrasar em 2 dias" time="0"/>
  <testcase classname="Cenário: Deve calcular atraso na entrega" name="Então a entrega será efetuada em 07/04/2018" time="0"/>
  <testcase classname="Cenário: Deve calcular atraso na entrega" name="Cenário: Deve calcular atraso na entrega" time="0"/>
  <testcase classname="Cenário: Deve calcular atraso na entrega da China" name="Dado que a entrega é dia 05/04/2018" time="0"/>
  <testcase classname="Cenário: Deve calcular atraso na entrega da China" name="Quando a entrega atrasar em 2 meses" time="0"/>
  <testcase classname="Cenário: Deve calcular atraso na entrega da China" name="Então a entrega será efetuada em 05/06/2018" time="0"/>
  <testcase classname="Cenário: Deve calcular atraso na entrega da China" name="Cenário: Deve calcular atraso na entrega da China" time="0"/>
  <testcase classname="Cenário: Deve criar steps genéricos para estes passos" name="Dado que o ticket é AF345" time="0"/>
  <testcase classname="Cenário: Deve criar steps genéricos para estes passos" name="Dado que o valor da passagem é R$ 230,45" time="0"/>
  <testcase classname="Cenário: Deve criar steps genéricos para estes passos" name="Dado que o nome do passageiro é &quot;Fulano da Silva&quot;" time="0"/>
  <testcase classname="Cenário: Deve criar steps genéricos para estes passos" name="Dado que o telefone do passageiro é 9999-9999" time="0"/>
  <testcase classname="Cenário: Deve criar steps genéricos para estes passos" name="Quando criar os steps" time="0"/>
  <testcase classname="Cenário: Deve criar steps genéricos para estes passos" name="Então o teste vai funcionar" time="0"/>
  <testcase classname="Cenário: Deve criar steps genéricos para estes passos" name="Cenário: Deve criar steps genéricos para estes passos" time="0"/>
  <testcase classname="Cenário: Deve reaproveitar os steps &quot;Dado&quot; do cenário anterior" name="Dado que o ticket é AB167" time="0"/>
  <testcase classname="Cenário: Deve reaproveitar os steps &quot;Dado&quot; do cenário anterior" name="Dado que o ticket especial é AB167" time="0"/>
  <testcase classname="Cenário: Deve reaproveitar os steps &quot;Dado&quot; do cenário anterior" name="Dado que o valor da passagem é R$ 1120,23" time="0"/>
  <testcase classname="Cenário: Deve reaproveitar os steps &quot;Dado&quot; do cenário anterior" name="Dado que o nome do passageiro é &quot;Cicrano de Oliveira&quot;" time="0"/>
  <testcase classname="Cenário: Deve reaproveitar os steps &quot;Dado&quot; do cenário anterior" name="Dado que o telefone do passageiro é 9888-8888" time="0"/>
  <testcase classname="Cenário: Deve reaproveitar os steps &quot;Dado&quot; do cenário anterior" name="Cenário: Deve reaproveitar os steps &quot;Dado&quot; do cenário anterior" time="0.001"/>
  <testcase classname="Cenário: Deve negar todos os steps &quot;Dado&quot; dos cenários anteriores     Dado que o ticket é CD123     Dado que o ticket é AG1234     Dado que o valor da passagem é R$ 1.1345,56     Dado que o nome do passageiro é &quot;Beltrano Souza Matos de Alcântara Azevedo&quot;     Dado que o telefone do passageiro é 1234-5678     Dado que o telefone do passageiro é 999-2223" name="Cenário: Deve negar todos os steps &quot;Dado&quot; dos cenários anteriores     Dado que o ticket é CD123     Dado que o ticket é AG1234     Dado que o valor da passagem é R$ 1.1345,56     Dado que o nome do passageiro é &quot;Beltrano Souza Matos de Alcântara Azevedo&quot;     Dado que o telefone do passageiro é 1234-5678     Dado que o telefone do passageiro é 999-2223" time="0"/>
</testsuite>